Arguments: 
  /home/stephen/.nvm/versions/node/v17.4.0/bin/node /mnt/c/Users/Stephen/AppData/Roaming/npm/node_modules/yarn/bin/yarn.js install

PATH: 
  /home/stephen/.nvm/versions/node/v17.4.0/bin:/home/stephen/.cargo/bin:/usr/local/sbin:/usr/local/bin:/usr/sbin:/usr/bin:/sbin:/bin:/usr/games:/usr/local/games:/mnt/c/Program Files/Microsoft/jdk-11.0.12.7-hotspot/bin:/mnt/c/Program Files/Microsoft MPI/Bin/:/mnt/c/Program Files/NVIDIA GPU Computing Toolkit/CUDA/v11.2/bin:/mnt/c/Program Files/NVIDIA GPU Computing Toolkit/CUDA/v11.2/libnvvp:/mnt/c/Program Files (x86)/Common Files/Oracle/Java/javapath:/mnt/c/WINDOWS/system32:/mnt/c/WINDOWS:/mnt/c/WINDOWS/System32/Wbem:/mnt/c/WINDOWS/System32/WindowsPowerShell/v1.0/:/mnt/c/WINDOWS/System32/OpenSSH/:/mnt/c/Program Files/Intel/WiFi/bin/:/mnt/c/Program Files/Common Files/Intel/WirelessCommon/:/mnt/c/Program Files/dotnet/:/mnt/c/Program Files/Git/cmd:/mnt/c/Program Files/Microsoft SQL Server/130/Tools/Binn/:/mnt/c/Program Files/Microsoft SQL Server/Client SDK/ODBC/170/Tools/Binn/:/mnt/c/Users/Stephen/Omnet/Sumo/bin/:/mnt/c/Users/Stephen/Omnet/Sumo/tools/:/mnt/c/Program Files/NVIDIA Corporation/Nsight Compute 2020.3.0/:/mnt/c/Program Files (x86)/NVIDIA Corporation/PhysX/Common:/mnt/c/Program Files/NVIDIA Corporation/NVIDIA NvDLISR:/mnt/c/Program Files/WindowsApps/PythonSoftwareFoundation.Python3.7_3.7.25440_x64_qbz5n2kfra8po:/mnt/c/php-8.0.11:/mnt/c/Program Files/Docker/Docker/resources/bin:/mnt/c/ProgramData/DockerDesktop/version-bin:/mnt/c/Program Files/nodejs/:/mnt/c/Program Files/CMake/bin:/mnt/c/MinGW/bin:/mnt/c/Program Files/Microsoft SQL Server/150/Tools/Binn/:/mnt/c/Program Files/PowerShell/7/:/mnt/c/Users/Stephen/.cargo/bin:/mnt/c/Users/Stephen/AppData/Local/Programs/Python/Python37/Scripts/:/mnt/c/Users/Stephen/AppData/Local/Programs/Python/Python37/:/mnt/c/Python34/Scripts:/mnt/c/Users/Stephen/AppData/Local/Programs/Python/Python39/Scripts:/mnt/c/Users/Stephen/AppData/Local/Programs/Microsoft VS Code/bin:/mnt/c/Users/Stephen/AppData/Roaming/npm:/mnt/c/Users/Stephen/.dotnet/tools

Yarn version: 
  1.22.10

Node version: 
  17.4.0

Platform: 
  linux x64

Trace: 
  Error: EACCES: permission denied, unlink '/home/stephen/masm-x86-runner-vscode/node_modules/@develar/schema-utils/CHANGELOG.md'

npm manifest: 
  {
    "name": "masm-x86-runner",
    "version": "1.0.0",
    "description": "VSCode extension for compiling and running x86 Microsoft Assembly Language (MASM)",
    "main": "./build/electron-main.js",
    "scripts": {
      "build": "gulp",
      "dev": "gulp watch",
      "build-electron": "gulp electron",
      "build-installer": "electron-builder",
      "deploy": "electron-builder build -mwl --publish always"
    },
    "repository": {
      "type": "git",
      "url": "https://github.com/istareatscreens/vscode-masm-x86-runner"
    },
    "keywords": [
      "MASM",
      "vscode",
      "compiler",
      "linker"
    ],
    "author": "istareatscreens",
    "homepage": "https://github.com/istareatscreens/GeneticMazeSolver#readme",
    "devDependencies": {
      "@types/react": "^17.0.0",
      "@types/react-dom": "^17.0.0",
      "autoprefixer": "^9.0.0",
      "axios": "^0.21.1",
      "babel-loader": "^8.2.2",
      "browser-sync": "^2.26.13",
      "css-loader": "^5.0.1",
      "cssnano": "^4.1.10",
      "del": "^6.0.0",
      "electron": "^11.3.0",
      "electron-builder": "^22.9.1",
      "file-loader": "^6.2.0",
      "gulp": "^4.0.2",
      "gulp-babel": "^8.0.0",
      "gulp-better-rollup": "^4.0.1",
      "gulp-concat": "^2.6.1",
      "gulp-imagemin": "^7.1.0",
      "gulp-livereload": "^4.0.2",
      "gulp-postcss": "^9.0.0",
      "gulp-run": "^1.7.1",
      "gulp-sass": "^4.1.0",
      "gulp-sourcemaps": "^3.0.0",
      "gulp-terser": "^2.0.1",
      "mini-css-extract-plugin": "^1.3.3",
      "node-sass": "^5.0.0",
      "ts-loader": "^8.0.14",
      "typescript": "^4.1.3",
      "webpack-bundle-analyzer": "^4.3.0",
      "webpack-merge": "^5.7.3",
      "webpack-stream": "^6.1.1"
    },
    "dependencies": {
      "codemirror": "^5.59.1",
      "electron-updater": "^4.3.5",
      "eol": "^0.9.1",
      "file-saver": "^2.0.5",
      "gulp-htmlmin": "^5.0.1",
      "react": "^17.0.1",
      "react-codemirror2": "^7.2.1",
      "react-dom": "^17.0.1",
      "react-draggable": "^4.4.3",
      "react-onclickoutside": "^6.10.0",
      "use-debounce": "^5.2.1"
    },
    "build": {
      "appId": "com.isas.masm-x86-runner",
      "productName": "MASM x86 Runner",
      "extends": null,
      "win": {
        "target": [
          "nsis"
        ],
        "icon": "icon.ico"
      },
      "files": [
        "./build/*",
        "package.json"
      ],
      "nsis": {
        "uninstallDisplayName": "WASM MASM x86 Editor",
        "oneClick": false,
        "allowToChangeInstallationDirectory": true
      },
      "mac": {
        "artifactName": "${productName}-${version}-osx.${ext}",
        "category": "public.app-category.productivity",
        "target": [
          "dmg",
          "zip"
        ],
        "icon": "icon.icns"
      },
      "linux": {
        "artifactName": "${productName}-${version}-${arch}-linux.${ext}",
        "maintainer": "istareatscreens",
        "target": [
          "tar.gz",
          "deb",
          "rpm",
          "pacman"
        ]
      }
    }
  }

yarn manifest: 
  No manifest

Lockfile: 
  No lockfile
